<?xml version="1.0" encoding="UTF-8"?>
<testng-results ignored="0" total="1" passed="1" failed="0" skipped="0">
  <reporter-output>
  </reporter-output>
  <suite started-at="2024-01-12T15:51:10 IST" name="Default suite" finished-at="2024-01-12T15:51:14 IST" duration-ms="3445">
    <groups>
    </groups>
    <test started-at="2024-01-12T15:51:10 IST" name="Default test" finished-at="2024-01-12T15:51:14 IST" duration-ms="3445">
      <class name="com.maps.samplerestassured.OAuthTestTwo">
        <test-method signature="authentication()[pri:0, instance:com.maps.samplerestassured.OAuthTestTwo@ea6147e]" started-at="2024-01-12T15:51:10 IST" name="authentication" finished-at="2024-01-12T15:51:14 IST" duration-ms="3400" status="PASS">
          <reporter-output>
          </reporter-output>
        </test-method> <!-- authentication -->
      </class> <!-- com.maps.samplerestassured.OAuthTestTwo -->
    </test> <!-- Default test -->
  </suite> <!-- Default suite -->
</testng-results>
