<?xml version="1.0" encoding="UTF-8"?>
<testsuite xmlns:xsi="http://www.w3.org/2001/XMLSchema-instance" xsi:noNamespaceSchemaLocation="https://maven.apache.org/surefire/maven-surefire-plugin/xsd/surefire-test-report-3.0.xsd" version="3.0" name="cucumber.Options.TestRunner" time="7.445" tests="1" errors="0" skipped="0" failures="0">
  <properties>
[...]
</properties>
  <testcase name="Verify if Delete place functionality is working" classname="Validating Place API&apos;s" time="6.695">
    <system-out><![CDATA[/maps/api/place/add/json
Request method:	POST
Request URI:	https://rahulshettyacademy.com/maps/api/place/add/json?key=qaclick123
Proxy:			<none>
Request params:	<none>
Query params:	key=qaclick123
Form params:	<none>
Path params:	<none>
Headers:		Accept=*/*
				Content-Type=application/json; charset=UTF-8
Cookies:		<none>
Multiparts:		<none>
Body:
{
    "location": {
        "lat": -38.383494,
        "lng": 33.427362
    },
    "accuracy": 50,
    "name": "sample0031",
    "phone_number": "919807890005",
    "address": "New COURT",
    "types": [
        "shoe Park",
        "shopping"
    ],
    "website": "http://www.samplesite.com",
    "language": "SWISS"
}
165ee1072052fd55d89cfe7e22db325c
/maps/api/place/get/json
sample0031
/maps/api/place/delete/json
]]></system-out>
  </testcase>
</testsuite>