<?xml version="1.0" encoding="UTF-8"?>
<testng-results ignored="0" total="1" passed="1" failed="0" skipped="0">
  <reporter-output>
  </reporter-output>
  <suite started-at="2024-02-09T16:25:03 IST" name="Default suite" finished-at="2024-02-09T16:25:09 IST" duration-ms="5489">
    <groups>
    </groups>
    <test started-at="2024-02-09T16:25:03 IST" name="Default test" finished-at="2024-02-09T16:25:09 IST" duration-ms="5489">
      <class name="basic.ExcelDrivenTest">
        <test-method signature="addBook()[pri:0, instance:basic.ExcelDrivenTest@34f7cfd9]" started-at="2024-02-09T16:25:03 IST" name="addBook" finished-at="2024-02-09T16:25:09 IST" duration-ms="5401" status="PASS">
          <reporter-output>
          </reporter-output>
        </test-method> <!-- addBook -->
      </class> <!-- basic.ExcelDrivenTest -->
    </test> <!-- Default test -->
  </suite> <!-- Default suite -->
</testng-results>
